<?xml version="1.0" encoding="utf-8"?><testsuites name="pytest tests"><testsuite name="pytest" errors="0" failures="0" skipped="0" tests="26" time="3.685" timestamp="2026-03-18T20:55:36.077079+00:00" hostname="agent-env-7b8b0d82-9c45-42bd-964f-7e0cf3ca57ad"><testcase classname="backend.tests.test_api.TestHealthAndPublicEndpoints" name="test_health_check" time="0.155" /><testcase classname="backend.tests.test_api.TestHealthAndPublicEndpoints" name="test_root_endpoint" time="0.152" /><testcase classname="backend.tests.test_api.TestProductsEndpoints" name="test_get_products" time="0.175" /><testcase classname="backend.tests.test_api.TestProductsEndpoints" name="test_get_weekly_deals" time="0.189" /><testcase classname="backend.tests.test_api.TestProductsEndpoints" name="test_get_featured_products" time="0.127" /><testcase classname="backend.tests.test_api.TestProductsEndpoints" name="test_products_search" time="0.116" /><testcase classname="backend.tests.test_api.TestProductsEndpoints" name="test_products_by_category" time="0.115" /><testcase classname="backend.tests.test_api.TestAppointmentsEndpoint" name="test_create_appointment_success" time="0.117" /><testcase classname="backend.tests.test_api.TestAppointmentsEndpoint" name="test_create_appointment_minimal_fields" time="0.153" /><testcase classname="backend.tests.test_api.TestAppointmentsEndpoint" name="test_create_appointment_missing_required" time="0.119" /><testcase classname="backend.tests.test_api.TestAdminAuthentication" name="test_admin_login_success" time="0.107" /><testcase classname="backend.tests.test_api.TestAdminAuthentication" name="test_admin_login_invalid_email" time="0.121" /><testcase classname="backend.tests.test_api.TestAdminAuthentication" name="test_admin_login_invalid_password" time="0.109" /><testcase classname="backend.tests.test_api.TestAdminAuthentication" name="test_token_verification" time="0.257" /><testcase classname="backend.tests.test_api.TestEmployeeAuthentication" name="test_employee_login_invalid" time="0.133" /><testcase classname="backend.tests.test_api.TestExcelExport" name="test_attendance_excel_export" time="0.150" /><testcase classname="backend.tests.test_api.TestExcelExport" name="test_attendance_excel_export_default_dates" time="0.126" /><testcase classname="backend.tests.test_api.TestAdminAppointments" name="test_get_all_appointments" time="0.127" /><testcase classname="backend.tests.test_api.TestAdminAppointments" name="test_get_appointments_by_status" time="0.148" /><testcase classname="backend.tests.test_api.TestAdminEmployeesAndWorkplaces" name="test_get_employees" time="0.130" /><testcase classname="backend.tests.test_api.TestAdminEmployeesAndWorkplaces" name="test_get_workplaces" time="0.140" /><testcase classname="backend.tests.test_api.TestAdminEmployeesAndWorkplaces" name="test_get_active_workplaces" time="0.176" /><testcase classname="backend.tests.test_api.TestAttendanceEndpoints" name="test_get_attendance" time="0.122" /><testcase classname="backend.tests.test_api.TestAttendanceEndpoints" name="test_get_attendance_stats" time="0.115" /><testcase classname="backend.tests.test_api.TestBanners" name="test_get_active_banner" time="0.110" /><testcase classname="backend.tests.test_api.TestBanners" name="test_get_all_banners_admin" time="0.111" /></testsuite></testsuites>